<?xml version="1.0" encoding="UTF-8"?>
<!-- Generated by org.testng.reporters.JUnitReportReporter -->
<testsuite hostname="DESKTOP-KOJOBGV" failures="0" tests="1" name="com.mohs10.Report.PDFReportTest" time="4.644" errors="0" timestamp="2023-06-21T17:04:42 IST" skipped="0">
  <testcase classname="com.mohs10.Report.PDFReportTest" name="PDFreports" time="4.644"/>
  <system-out/>
</testsuite> <!-- com.mohs10.Report.PDFReportTest -->
