<?xml version="1.0" encoding="UTF-8"?>
<!-- Generated by org.testng.reporters.JUnitReportReporter -->
<testsuite hostname="LAPTOP-VARHNTM8" failures="0" tests="1" name="com.mohs10.reuse.init" time="2.559" errors="0" timestamp="2022-11-23T15:22:19 IST" skipped="0">
  <testcase classname="com.mohs10.reuse.init" name="test" time="2.559"/>
  <system-out/>
</testsuite> <!-- com.mohs10.reuse.init -->
