<?xml version="1.0" encoding="UTF-8"?>
<!-- Generated by org.testng.reporters.JUnitReportReporter -->
<testsuite hostname="DESKTOP-KOJOBGV" failures="0" tests="1" name="com.mohs10.scripts.HomeTest" time="52.226" errors="0" timestamp="2023-06-21T17:11:40 IST" skipped="0">
  <testcase classname="com.mohs10.scripts.HomeTest" name="chrome" time="52.226"/>
  <system-out/>
</testsuite> <!-- com.mohs10.scripts.HomeTest -->
